
  .   ____          _            __ _ _
 /\\ / ___'_ __ _ _(_)_ __  __ _ \ \ \ \
( ( )\___ | '_ | '_| | '_ \/ _` | \ \ \ \
 \\/  ___)| |_)| | | | | || (_| |  ) ) ) )
  '  |____| .__|_| |_|_| |_\__, | / / / /
 =========|_|==============|___/=/_/_/_/
 :: Spring Boot ::                (v3.2.0)

2025-11-12T17:52:32.114+08:00  INFO 66331 --- [           main] com.vuln.demo.VulnDemoApplication        : Starting VulnDemoApplication v1.0.0 using Java 17.0.10 with PID 66331 (/Users/renzhibin/workspace/mycode/springboot-vuln-demo/target/springboot-vuln-demo-1.0.0.jar started by renzhibin in /Users/renzhibin/workspace/mycode/springboot-vuln-demo)
2025-11-12T17:52:32.116+08:00  INFO 66331 --- [           main] com.vuln.demo.VulnDemoApplication        : No active profile set, falling back to 1 default profile: "default"
2025-11-12T17:52:32.493+08:00  INFO 66331 --- [           main] .s.d.r.c.RepositoryConfigurationDelegate : Bootstrapping Spring Data JPA repositories in DEFAULT mode.
2025-11-12T17:52:32.525+08:00  INFO 66331 --- [           main] .s.d.r.c.RepositoryConfigurationDelegate : Finished Spring Data repository scanning in 26 ms. Found 2 JPA repository interfaces.
2025-11-12T17:52:32.826+08:00  INFO 66331 --- [           main] o.s.b.w.embedded.tomcat.TomcatWebServer  : Tomcat initialized with port 8080 (http)
2025-11-12T17:52:32.833+08:00  INFO 66331 --- [           main] o.apache.catalina.core.StandardService   : Starting service [Tomcat]
2025-11-12T17:52:32.833+08:00  INFO 66331 --- [           main] o.apache.catalina.core.StandardEngine    : Starting Servlet engine: [Apache Tomcat/10.1.16]
2025-11-12T17:52:32.856+08:00  INFO 66331 --- [           main] o.a.c.c.C.[Tomcat].[localhost].[/]       : Initializing Spring embedded WebApplicationContext
2025-11-12T17:52:32.857+08:00  INFO 66331 --- [           main] w.s.c.ServletWebServerApplicationContext : Root WebApplicationContext: initialization completed in 691 ms
2025-11-12T17:52:32.874+08:00  INFO 66331 --- [           main] com.zaxxer.hikari.HikariDataSource       : HikariPool-1 - Starting...
2025-11-12T17:52:32.991+08:00  INFO 66331 --- [           main] com.zaxxer.hikari.pool.HikariPool        : HikariPool-1 - Added connection conn0: url=jdbc:h2:mem:testdb user=SA
2025-11-12T17:52:32.992+08:00  INFO 66331 --- [           main] com.zaxxer.hikari.HikariDataSource       : HikariPool-1 - Start completed.
2025-11-12T17:52:32.998+08:00  INFO 66331 --- [           main] o.s.b.a.h2.H2ConsoleAutoConfiguration    : H2 console available at '/h2-console'. Database available at 'jdbc:h2:mem:testdb'
2025-11-12T17:52:33.066+08:00  INFO 66331 --- [           main] o.hibernate.jpa.internal.util.LogHelper  : HHH000204: Processing PersistenceUnitInfo [name: default]
2025-11-12T17:52:33.099+08:00  INFO 66331 --- [           main] org.hibernate.Version                    : HHH000412: Hibernate ORM core version 6.3.1.Final
2025-11-12T17:52:33.117+08:00  INFO 66331 --- [           main] o.h.c.internal.RegionFactoryInitiator    : HHH000026: Second-level cache disabled
2025-11-12T17:52:33.260+08:00  INFO 66331 --- [           main] o.s.o.j.p.SpringPersistenceUnitInfo      : No LoadTimeWeaver setup: ignoring JPA class transformer
2025-11-12T17:52:33.286+08:00  WARN 66331 --- [           main] org.hibernate.orm.deprecation            : HHH90000025: H2Dialect does not need to be specified explicitly using 'hibernate.dialect' (remove the property setting and it will be selected by default)
2025-11-12T17:52:33.714+08:00  INFO 66331 --- [           main] o.h.e.t.j.p.i.JtaPlatformInitiator       : HHH000489: No JTA platform available (set 'hibernate.transaction.jta.platform' to enable JTA platform integration)
Hibernate: 
    drop table if exists orders cascade 
Hibernate: 
    drop table if exists users cascade 
Hibernate: 
    create table orders (
        amount float(53),
        id bigint generated by default as identity,
        user_id bigint,
        product_name varchar(255),
        status varchar(255),
        primary key (id)
    )
Hibernate: 
    create table users (
        id bigint generated by default as identity,
        email varchar(255),
        password varchar(255),
        role varchar(255),
        username varchar(255),
        primary key (id)
    )
2025-11-12T17:52:33.732+08:00  INFO 66331 --- [           main] j.LocalContainerEntityManagerFactoryBean : Initialized JPA EntityManagerFactory for persistence unit 'default'
2025-11-12T17:52:33.937+08:00  WARN 66331 --- [           main] JpaBaseConfiguration$JpaWebConfiguration : spring.jpa.open-in-view is enabled by default. Therefore, database queries may be performed during view rendering. Explicitly configure spring.jpa.open-in-view to disable this warning
2025-11-12T17:52:34.119+08:00  INFO 66331 --- [           main] o.s.b.w.embedded.tomcat.TomcatWebServer  : Tomcat started on port 8080 (http) with context path ''
2025-11-12T17:52:34.137+08:00  INFO 66331 --- [           main] com.vuln.demo.VulnDemoApplication        : Started VulnDemoApplication in 2.234 seconds (process running for 2.49)
Hibernate: 
    select
        count(*) 
    from
        users u1_0
Hibernate: 
    insert 
    into
        users
        (email, password, role, username, id) 
    values
        (?, ?, ?, ?, default)
Hibernate: 
    insert 
    into
        users
        (email, password, role, username, id) 
    values
        (?, ?, ?, ?, default)
Hibernate: 
    insert 
    into
        users
        (email, password, role, username, id) 
    values
        (?, ?, ?, ?, default)
Hibernate: 
    select
        u1_0.id,
        u1_0.email,
        u1_0.password,
        u1_0.role,
        u1_0.username 
    from
        users u1_0 
    where
        u1_0.username=?
Hibernate: 
    select
        u1_0.id,
        u1_0.email,
        u1_0.password,
        u1_0.role,
        u1_0.username 
    from
        users u1_0 
    where
        u1_0.username=?
Hibernate: 
    insert 
    into
        orders
        (amount, product_name, status, user_id, id) 
    values
        (?, ?, ?, ?, default)
Hibernate: 
    insert 
    into
        orders
        (amount, product_name, status, user_id, id) 
    values
        (?, ?, ?, ?, default)
Hibernate: 
    insert 
    into
        orders
        (amount, product_name, status, user_id, id) 
    values
        (?, ?, ?, ?, default)
Hibernate: 
    insert 
    into
        orders
        (amount, product_name, status, user_id, id) 
    values
        (?, ?, ?, ?, default)
=== Test Data Initialized ===
Admin: id=1, username=admin, role=ADMIN
User1: id=2, username=alice, role=USER
User2: id=3, username=bob, role=USER
Orders: order1(userId=2), order2(userId=2), order3(userId=3), order4(userId=3)
=============================
2025-11-12T17:52:40.883+08:00  INFO 66331 --- [nio-8080-exec-1] o.a.c.c.C.[Tomcat].[localhost].[/]       : Initializing Spring DispatcherServlet 'dispatcherServlet'
2025-11-12T17:52:40.883+08:00  INFO 66331 --- [nio-8080-exec-1] o.s.web.servlet.DispatcherServlet        : Initializing Servlet 'dispatcherServlet'
2025-11-12T17:52:40.884+08:00  INFO 66331 --- [nio-8080-exec-1] o.s.web.servlet.DispatcherServlet        : Completed initialization in 1 ms
Hibernate: 
    select
        u1_0.id,
        u1_0.email,
        u1_0.password,
        u1_0.role,
        u1_0.username 
    from
        users u1_0 
    where
        u1_0.id=?
Hibernate: 
    select
        u1_0.id,
        u1_0.email,
        u1_0.password,
        u1_0.role,
        u1_0.username 
    from
        users u1_0 
    where
        u1_0.id=?
Hibernate: 
    select
        o1_0.id,
        o1_0.amount,
        o1_0.product_name,
        o1_0.status,
        o1_0.user_id 
    from
        orders o1_0 
    where
        o1_0.id=?
Hibernate: 
    select
        u1_0.id,
        u1_0.email,
        u1_0.password,
        u1_0.role,
        u1_0.username 
    from
        users u1_0 
    where
        u1_0.id=?
Hibernate: 
    update
        users 
    set
        email=?,
        password=?,
        role=?,
        username=? 
    where
        id=?
Hibernate: 
    select
        u1_0.id,
        u1_0.email,
        u1_0.password,
        u1_0.role,
        u1_0.username 
    from
        users u1_0 
    where
        u1_0.id=?
Hibernate: 
    select
        u1_0.id,
        u1_0.email,
        u1_0.password,
        u1_0.role,
        u1_0.username 
    from
        users u1_0
Hibernate: 
    select
        u1_0.id,
        u1_0.email,
        u1_0.password,
        u1_0.role,
        u1_0.username 
    from
        users u1_0 
    where
        u1_0.id=?
2025-11-13T18:47:51.095+08:00  INFO 66331 --- [ionShutdownHook] j.LocalContainerEntityManagerFactoryBean : Closing JPA EntityManagerFactory for persistence unit 'default'
Hibernate: 
    drop table if exists orders cascade 
Hibernate: 
    drop table if exists users cascade 
2025-11-13T18:47:51.128+08:00  INFO 66331 --- [ionShutdownHook] com.zaxxer.hikari.HikariDataSource       : HikariPool-1 - Shutdown initiated...
2025-11-13T18:47:51.142+08:00  INFO 66331 --- [ionShutdownHook] com.zaxxer.hikari.HikariDataSource       : HikariPool-1 - Shutdown completed.
